$program (1)
  $extDefList (1)
    $extDef (1)
      $specifier (1)
        TYPE: int (1)
      $funcDec (1)
        ID: main (1)
        LP: ( (1)
        RP: ) (1)
      $compSt (2)
        LC: { (2)
        $defList (3)
          $def (3)
            $specifier (3)
              TYPE: int (3)
            $decList (3)
              $dec (3)
                $varDec (3)
                  ID: n (3)
            SEMI: ; (3)
        $stmtList (4)
          $stmt (4)
            $exp (4)
              $exp (4)
                ID: n (4)
              ASSIGNOP: = (4)
              $exp (4)
                ID: read (4)
                LP: ( (4)
                RP: ) (4)
            SEMI: ; (4)
          $stmtList (5)
            $stmt (5)
              IF: if (5)
              LP: ( (5)
              $exp (5)
                $exp (5)
                  ID: n (5)
                RELOP: > (5)
                $exp (5)
                  INT: 0 (5)
              RP: ) (5)
              $stmt (5)
                $exp (5)
                  ID: write (5)
                  LP: ( (5)
                  $args (5)
                    $exp (5)
                      INT: 1 (5)
                  RP: ) (5)
                SEMI: ; (5)
              ELSE: else (6)
              $stmt (6)
                IF: if (6)
                LP: ( (6)
                $exp (6)
                  $exp (6)
                    ID: n (6)
                  RELOP: < (6)
                  $exp (6)
                    INT: 0 (6)
                RP: ) (6)
                $stmt (6)
                  $exp (6)
                    ID: write (6)
                    LP: ( (6)
                    $args (6)
                      $exp (6)
                        MINUS: - (6)
                        $exp (6)
                          INT: 1 (6)
                    RP: ) (6)
                  SEMI: ; (6)
                ELSE: else (7)
                $stmt (7)
                  $exp (7)
                    ID: write (7)
                    LP: ( (7)
                    $args (7)
                      $exp (7)
                        INT: 0 (7)
                    RP: ) (7)
                  SEMI: ; (7)
            $stmtList (8)
              $stmt (8)
                RETURN: return (8)
                $exp (8)
                  INT: 0 (8)
                SEMI: ; (8)
        RC: } (9)
